This is pdfTeX, Version 3.14159265-2.6-1.40.15 (TeX Live 2014/MacPorts 2014_1) (preloaded format=pdflatex 2014.11.7)  20 JAN 2015 22:03
entering extended mode
 restricted \write18 enabled.
 %&-line parsing enabled.
**umanual.tex
(./umanual.tex
LaTeX2e <2014/05/01>
Babel <3.9k> and hyphenation patterns for 5 languages loaded.
(/opt/local/share/texmf-texlive/tex/latex/base/article.cls
Document Class: article 2007/10/19 v1.4h Standard LaTeX document class
(/opt/local/share/texmf-texlive/tex/latex/base/size11.clo
File: size11.clo 2007/10/19 v1.4h Standard LaTeX file (size option)
)
\c@part=\count79
\c@section=\count80
\c@subsection=\count81
\c@subsubsection=\count82
\c@paragraph=\count83
\c@subparagraph=\count84
\c@figure=\count85
\c@table=\count86
\abovecaptionskip=\skip41
\belowcaptionskip=\skip42
\bibindent=\dimen102
)
(/opt/local/share/texmf-texlive/tex/latex/amsmath/amsmath.sty
Package: amsmath 2013/01/14 v2.14 AMS math features
\@mathmargin=\skip43

For additional information on amsmath, use the `?' option.
(/opt/local/share/texmf-texlive/tex/latex/amsmath/amstext.sty
Package: amstext 2000/06/29 v2.01

(/opt/local/share/texmf-texlive/tex/latex/amsmath/amsgen.sty
File: amsgen.sty 1999/11/30 v2.0
\@emptytoks=\toks14
\ex@=\dimen103
))
(/opt/local/share/texmf-texlive/tex/latex/amsmath/amsbsy.sty
Package: amsbsy 1999/11/29 v1.2d
\pmbraise@=\dimen104
)
(/opt/local/share/texmf-texlive/tex/latex/amsmath/amsopn.sty
Package: amsopn 1999/12/14 v2.01 operator names
)
\inf@bad=\count87
LaTeX Info: Redefining \frac on input line 210.
\uproot@=\count88
\leftroot@=\count89
LaTeX Info: Redefining \overline on input line 306.
\classnum@=\count90
\DOTSCASE@=\count91
LaTeX Info: Redefining \ldots on input line 378.
LaTeX Info: Redefining \dots on input line 381.
LaTeX Info: Redefining \cdots on input line 466.
\Mathstrutbox@=\box26
\strutbox@=\box27
\big@size=\dimen105
LaTeX Font Info:    Redeclaring font encoding OML on input line 566.
LaTeX Font Info:    Redeclaring font encoding OMS on input line 567.
\macc@depth=\count92
\c@MaxMatrixCols=\count93
\dotsspace@=\muskip10
\c@parentequation=\count94
\dspbrk@lvl=\count95
\tag@help=\toks15
\row@=\count96
\column@=\count97
\maxfields@=\count98
\andhelp@=\toks16
\eqnshift@=\dimen106
\alignsep@=\dimen107
\tagshift@=\dimen108
\tagwidth@=\dimen109
\totwidth@=\dimen110
\lineht@=\dimen111
\@envbody=\toks17
\multlinegap=\skip44
\multlinetaggap=\skip45
\mathdisplay@stack=\toks18
LaTeX Info: Redefining \[ on input line 2665.
LaTeX Info: Redefining \] on input line 2666.
)
(/opt/local/share/texmf-texlive/tex/latex/amsfonts/amssymb.sty
Package: amssymb 2013/01/14 v3.01 AMS font symbols

(/opt/local/share/texmf-texlive/tex/latex/amsfonts/amsfonts.sty
Package: amsfonts 2013/01/14 v3.01 Basic AMSFonts support
\symAMSa=\mathgroup4
\symAMSb=\mathgroup5
LaTeX Font Info:    Overwriting math alphabet `\mathfrak' in version `bold'
(Font)                  U/euf/m/n --> U/euf/b/n on input line 106.
))
(/opt/local/share/texmf-texlive/tex/latex/cite/cite.sty
LaTeX Info: Redefining \cite on input line 302.
LaTeX Info: Redefining \nocite on input line 373.
Package: cite 2010/09/10  v 5.3
)
(/opt/local/share/texmf-texlive/tex/latex/hyperref/hyperref.sty
Package: hyperref 2012/11/06 v6.83m Hypertext links for LaTeX

(/opt/local/share/texmf-texlive/tex/generic/oberdiek/hobsub-hyperref.sty
Package: hobsub-hyperref 2012/05/28 v1.13 Bundle oberdiek, subset hyperref (HO)


(/opt/local/share/texmf-texlive/tex/generic/oberdiek/hobsub-generic.sty
Package: hobsub-generic 2012/05/28 v1.13 Bundle oberdiek, subset generic (HO)
Package: hobsub 2012/05/28 v1.13 Construct package bundles (HO)
Package: infwarerr 2010/04/08 v1.3 Providing info/warning/error messages (HO)
Package: ltxcmds 2011/11/09 v1.22 LaTeX kernel commands for general use (HO)
Package: ifluatex 2010/03/01 v1.3 Provides the ifluatex switch (HO)
Package ifluatex Info: LuaTeX not detected.
Package: ifvtex 2010/03/01 v1.5 Detect VTeX and its facilities (HO)
Package ifvtex Info: VTeX not detected.
Package: intcalc 2007/09/27 v1.1 Expandable calculations with integers (HO)
Package: ifpdf 2011/01/30 v2.3 Provides the ifpdf switch (HO)
Package ifpdf Info: pdfTeX in PDF mode is detected.
Package: etexcmds 2011/02/16 v1.5 Avoid name clashes with e-TeX commands (HO)
Package etexcmds Info: Could not find \expanded.
(etexcmds)             That can mean that you are not using pdfTeX 1.50 or
(etexcmds)             that some package has redefined \expanded.
(etexcmds)             In the latter case, load this package earlier.
Package: kvsetkeys 2012/04/25 v1.16 Key value parser (HO)
Package: kvdefinekeys 2011/04/07 v1.3 Define keys (HO)
Package: pdftexcmds 2011/11/29 v0.20 Utility functions of pdfTeX for LuaTeX (HO
)
Package pdftexcmds Info: LuaTeX not detected.
Package pdftexcmds Info: \pdf@primitive is available.
Package pdftexcmds Info: \pdf@ifprimitive is available.
Package pdftexcmds Info: \pdfdraftmode found.
Package: pdfescape 2011/11/25 v1.13 Implements pdfTeX's escape features (HO)
Package: bigintcalc 2012/04/08 v1.3 Expandable calculations on big integers (HO
)
Package: bitset 2011/01/30 v1.1 Handle bit-vector datatype (HO)
Package: uniquecounter 2011/01/30 v1.2 Provide unlimited unique counter (HO)
)
Package hobsub Info: Skipping package `hobsub' (already loaded).
Package: letltxmacro 2010/09/02 v1.4 Let assignment for LaTeX macros (HO)
Package: hopatch 2012/05/28 v1.2 Wrapper for package hooks (HO)
Package: xcolor-patch 2011/01/30 xcolor patch
Package: atveryend 2011/06/30 v1.8 Hooks at the very end of document (HO)
Package atveryend Info: \enddocument detected (standard20110627).
Package: atbegshi 2011/10/05 v1.16 At begin shipout hook (HO)
Package: refcount 2011/10/16 v3.4 Data extraction from label references (HO)
Package: hycolor 2011/01/30 v1.7 Color options for hyperref/bookmark (HO)
)
(/opt/local/share/texmf-texlive/tex/latex/graphics/keyval.sty
Package: keyval 2014/05/08 v1.15 key=value parser (DPC)
\KV@toks@=\toks19
)
(/opt/local/share/texmf-texlive/tex/generic/ifxetex/ifxetex.sty
Package: ifxetex 2010/09/12 v0.6 Provides ifxetex conditional
)
(/opt/local/share/texmf-texlive/tex/latex/oberdiek/auxhook.sty
Package: auxhook 2011/03/04 v1.3 Hooks for auxiliary files (HO)
)
(/opt/local/share/texmf-texlive/tex/latex/oberdiek/kvoptions.sty
Package: kvoptions 2011/06/30 v3.11 Key value format for package options (HO)
)
\@linkdim=\dimen112
\Hy@linkcounter=\count99
\Hy@pagecounter=\count100

(/opt/local/share/texmf-texlive/tex/latex/hyperref/pd1enc.def
File: pd1enc.def 2012/11/06 v6.83m Hyperref: PDFDocEncoding definition (HO)
)
\Hy@SavedSpaceFactor=\count101

(/opt/local/share/texmf-texlive/tex/latex/latexconfig/hyperref.cfg
File: hyperref.cfg 2002/06/06 v1.2 hyperref configuration of TeXLive
)
Package hyperref Info: Hyper figures OFF on input line 4443.
Package hyperref Info: Link nesting OFF on input line 4448.
Package hyperref Info: Hyper index ON on input line 4451.
Package hyperref Info: Plain pages OFF on input line 4458.
Package hyperref Info: Backreferencing OFF on input line 4463.
Package hyperref Info: Implicit mode ON; LaTeX internals redefined.
Package hyperref Info: Bookmarks ON on input line 4688.
\c@Hy@tempcnt=\count102

(/opt/local/share/texmf-texlive/tex/latex/url/url.sty
\Urlmuskip=\muskip11
Package: url 2013/09/16  ver 3.4  Verb mode for urls, etc.
)
LaTeX Info: Redefining \url on input line 5041.
\XeTeXLinkMargin=\dimen113
\Fld@menulength=\count103
\Field@Width=\dimen114
\Fld@charsize=\dimen115
Package hyperref Info: Hyper figures OFF on input line 6295.
Package hyperref Info: Link nesting OFF on input line 6300.
Package hyperref Info: Hyper index ON on input line 6303.
Package hyperref Info: backreferencing OFF on input line 6310.
Package hyperref Info: Link coloring OFF on input line 6315.
Package hyperref Info: Link coloring with OCG OFF on input line 6320.
Package hyperref Info: PDF/A mode OFF on input line 6325.
LaTeX Info: Redefining \ref on input line 6365.
LaTeX Info: Redefining \pageref on input line 6369.
\Hy@abspage=\count104
\c@Item=\count105
\c@Hfootnote=\count106
)

Package hyperref Message: Driver (autodetected): hpdftex.

(/opt/local/share/texmf-texlive/tex/latex/hyperref/hpdftex.def
File: hpdftex.def 2012/11/06 v6.83m Hyperref driver for pdfTeX
\Fld@listcount=\count107
\c@bookmark@seq@number=\count108

(/opt/local/share/texmf-texlive/tex/latex/oberdiek/rerunfilecheck.sty
Package: rerunfilecheck 2011/04/15 v1.7 Rerun checks for auxiliary files (HO)
Package uniquecounter Info: New unique counter `rerunfilecheck' on input line 2
82.
)
\Hy@SectionHShift=\skip46
)
(/opt/local/share/texmf-texlive/tex/latex/graphics/graphicx.sty
Package: graphicx 2014/04/25 v1.0g Enhanced LaTeX Graphics (DPC,SPQR)

(/opt/local/share/texmf-texlive/tex/latex/graphics/graphics.sty
Package: graphics 2009/02/05 v1.0o Standard LaTeX Graphics (DPC,SPQR)

(/opt/local/share/texmf-texlive/tex/latex/graphics/trig.sty
Package: trig 1999/03/16 v1.09 sin cos tan (DPC)
)
(/opt/local/share/texmf-texlive/tex/latex/latexconfig/graphics.cfg
File: graphics.cfg 2010/04/23 v1.9 graphics configuration of TeX Live
)
Package graphics Info: Driver file: pdftex.def on input line 91.

(/opt/local/share/texmf-texlive/tex/latex/pdftex-def/pdftex.def
File: pdftex.def 2011/05/27 v0.06d Graphics/color for pdfTeX
\Gread@gobject=\count109
))
\Gin@req@height=\dimen116
\Gin@req@width=\dimen117
)
(./umanual.aux)
\openout1 = `umanual.aux'.

LaTeX Font Info:    Checking defaults for OML/cmm/m/it on input line 30.
LaTeX Font Info:    ... okay on input line 30.
LaTeX Font Info:    Checking defaults for T1/cmr/m/n on input line 30.
LaTeX Font Info:    ... okay on input line 30.
LaTeX Font Info:    Checking defaults for OT1/cmr/m/n on input line 30.
LaTeX Font Info:    ... okay on input line 30.
LaTeX Font Info:    Checking defaults for OMS/cmsy/m/n on input line 30.
LaTeX Font Info:    ... okay on input line 30.
LaTeX Font Info:    Checking defaults for OMX/cmex/m/n on input line 30.
LaTeX Font Info:    ... okay on input line 30.
LaTeX Font Info:    Checking defaults for U/cmr/m/n on input line 30.
LaTeX Font Info:    ... okay on input line 30.
LaTeX Font Info:    Checking defaults for PD1/pdf/m/n on input line 30.
LaTeX Font Info:    ... okay on input line 30.
\AtBeginShipoutBox=\box28
Package hyperref Info: Link coloring OFF on input line 30.
 (/opt/local/share/texmf-texlive/tex/latex/hyperref/nameref.sty
Package: nameref 2012/10/27 v2.43 Cross-referencing by name of section

(/opt/local/share/texmf-texlive/tex/generic/oberdiek/gettitlestring.sty
Package: gettitlestring 2010/12/03 v1.4 Cleanup title references (HO)
)
\c@section@level=\count110
)
LaTeX Info: Redefining \ref on input line 30.
LaTeX Info: Redefining \pageref on input line 30.
LaTeX Info: Redefining \nameref on input line 30.

(./umanual.out) (./umanual.out)
\@outlinefile=\write3
\openout3 = `umanual.out'.


(/opt/local/share/texmf-texlive/tex/context/base/supp-pdf.mkii
[Loading MPS to PDF converter (version 2006.09.02).]
\scratchcounter=\count111
\scratchdimen=\dimen118
\scratchbox=\box29
\nofMPsegments=\count112
\nofMParguments=\count113
\everyMPshowfont=\toks20
\MPscratchCnt=\count114
\MPscratchDim=\dimen119
\MPnumerator=\count115
\makeMPintoPDFobject=\count116
\everyMPtoPDFconversion=\toks21
) (/opt/local/share/texmf-texlive/tex/latex/oberdiek/epstopdf-base.sty
Package: epstopdf-base 2010/02/09 v2.5 Base part for package epstopdf

(/opt/local/share/texmf-texlive/tex/latex/oberdiek/grfext.sty
Package: grfext 2010/08/19 v1.1 Manage graphics extensions (HO)
)
Package grfext Info: Graphics extension search list:
(grfext)             [.png,.pdf,.jpg,.mps,.jpeg,.jbig2,.jb2,.PNG,.PDF,.JPG,.JPE
G,.JBIG2,.JB2,.eps]
(grfext)             \AppendGraphicsExtensions on input line 452.

(/opt/local/share/texmf-texlive/tex/latex/latexconfig/epstopdf-sys.cfg
File: epstopdf-sys.cfg 2010/07/13 v1.3 Configuration of (r)epstopdf for TeX Liv
e
))
LaTeX Font Info:    Try loading font information for U+msa on input line 32.

(/opt/local/share/texmf-texlive/tex/latex/amsfonts/umsa.fd
File: umsa.fd 2013/01/14 v3.01 AMS symbols A
)
LaTeX Font Info:    Try loading font information for U+msb on input line 32.

(/opt/local/share/texmf-texlive/tex/latex/amsfonts/umsb.fd
File: umsb.fd 2013/01/14 v3.01 AMS symbols B
) [1

{/opt/local/var/db/texmf/fonts/map/pdftex/updmap/pdftex.map}]
Overfull \hbox (53.90552pt too wide) in paragraph at lines 64--64
[]    \OT1/cmtt/m/n/10.95 executeCBR  hist              printCurrentCase  setRe
trieveParameter[] 
 []


Overfull \hbox (1.68088pt too wide) in paragraph at lines 66--67
[]\OT1/cmr/m/n/10.95 For more in-for-ma-tion about a com-mand just type: $[]$.
 []


Overfull \hbox (2.16733pt too wide) in paragraph at lines 80--80
[]    \OT1/cmtt/m/n/10.95 three first real values and the last one a categorica
l one.[] 
 []


Overfull \hbox (13.6647pt too wide) in paragraph at lines 101--101
[]    \OT1/cmtt/m/n/10.95 Now we need to know which parameter specifies the sol
ution of[] 
 []

[2]
Overfull \hbox (2.50378pt too wide) in paragraph at lines 124--126
\OT1/cmr/m/n/10.95 from one to an-other use the \OT1/cmtt/m/n/10.95 setMemoryMo
del (flat | hierarchical) \OT1/cmr/m/n/10.95 com-
 []


Underfull \hbox (badness 10000) in paragraph at lines 124--126

 []

[3] [4]
Underfull \hbox (badness 10000) in paragraph at lines 201--203

 []


Overfull \hbox (6.24466pt too wide) in paragraph at lines 218--219
[]\OT1/cmr/m/n/10.95 After this step, the sys-tem takes con-trol of the re-main
-ing eval-u-a-tion/retain
 []

[5]
Overfull \hbox (5.30252pt too wide) in paragraph at lines 232--233
\OT1/cmr/m/n/10.95 first ver-sion of AICS ships with the fol-low-ing at-tribute
 types: \OT1/cmtt/m/n/10.95 RealAttribute\OT1/cmr/m/n/10.95 ,
 []

[6]
Overfull \hbox (3.20293pt too wide) in paragraph at lines 249--250
[]\OT1/cmr/m/n/10.95 In the case of cat-e-gor-i-cal at-tributes, the sim-i-lar-
ity is just check-ing whether
 []

[7] [8] <images/iris.png, id=89, 578.16pt x 433.62pt>
File: images/iris.png Graphic file (type png)
 <use images/iris.png>
Package pdftex.def Info: images/iris.png used on input line 284.
(pdftex.def)             Requested size: 251.9989pt x 188.9937pt.

<images/iris_p_bo.png, id=91, 578.16pt x 433.62pt>
File: images/iris_p_bo.png Graphic file (type png)
 <use images/iris_p_bo.png>
Package pdftex.def Info: images/iris_p_bo.png used on input line 291.
(pdftex.def)             Requested size: 251.9989pt x 188.9937pt.

[9] <images/titanic.png, id=106, 578.16pt x 433.62pt>
File: images/titanic.png Graphic file (type png)
 <use images/titanic.png>
Package pdftex.def Info: images/titanic.png used on input line 304.
(pdftex.def)             Requested size: 251.9989pt x 188.9937pt.

<images/titanic_p_bo.png, id=107, 578.16pt x 433.62pt>
File: images/titanic_p_bo.png Graphic file (type png)

<use images/titanic_p_bo.png>
Package pdftex.def Info: images/titanic_p_bo.png used on input line 311.
(pdftex.def)             Requested size: 251.9989pt x 188.9937pt.
 <images/tk10.png, id=114, 578.16pt x 433.62pt>
File: images/tk10.png Graphic file (type png)

<use images/tk10.png>
Package pdftex.def Info: images/tk10.png used on input line 322.
(pdftex.def)             Requested size: 251.9989pt x 188.9937pt.
 <images/tk10_p_bo.png, id=115, 578.16pt x 433.62pt>
File: images/tk10_p_bo.png Graphic file (type png)

<use images/tk10_p_bo.png>
Package pdftex.def Info: images/tk10_p_bo.png used on input line 329.
(pdftex.def)             Requested size: 251.9989pt x 188.9937pt.
 [10 <./images/iris.png>]
Package atveryend Info: Empty hook `BeforeClearDocument' on input line 343.
 [11 <./images/iris_p_bo.png>] [12 <./images/titanic.png> <./images/titanic_p_b
o.png>] [13 <./images/tk10.png> <./images/tk10_p_bo.png>]
Package atveryend Info: Empty hook `AfterLastShipout' on input line 343.
 (./umanual.aux)
Package atveryend Info: Executing hook `AtVeryEndDocument' on input line 343.
Package atveryend Info: Executing hook `AtEndAfterFileList' on input line 343.
Package rerunfilecheck Info: File `umanual.out' has not changed.
(rerunfilecheck)             Checksum: 015047123B6F319BDC648536ABF0D9C8;622.
Package atveryend Info: Empty hook `AtVeryVeryEnd' on input line 343.
 ) 
Here is how much of TeX's memory you used:
 6098 strings out of 494963
 87182 string characters out of 6179479
 167167 words of memory out of 5000000
 9233 multiletter control sequences out of 15000+600000
 12063 words of font info for 47 fonts, out of 8000000 for 9000
 40 hyphenation exceptions out of 8191
 29i,6n,28p,775b,442s stack positions out of 5000i,500n,10000p,200000b,80000s
</opt/local/share/texmf-texlive/fonts/type1/public/amsfonts/cm/cmbx12.pfb></o
pt/local/share/texmf-texlive/fonts/type1/public/amsfonts/cm/cmmi10.pfb></opt/lo
cal/share/texmf-texlive/fonts/type1/public/amsfonts/cm/cmr10.pfb></opt/local/sh
are/texmf-texlive/fonts/type1/public/amsfonts/cm/cmr12.pfb></opt/local/share/te
xmf-texlive/fonts/type1/public/amsfonts/cm/cmr17.pfb></opt/local/share/texmf-te
xlive/fonts/type1/public/amsfonts/cm/cmti10.pfb></opt/local/share/texmf-texlive
/fonts/type1/public/amsfonts/cm/cmtt10.pfb></opt/local/share/texmf-texlive/font
s/type1/public/amsfonts/cm/cmtt12.pfb>
Output written on umanual.pdf (13 pages, 250828 bytes).
PDF statistics:
 180 PDF objects out of 1000 (max. 8388607)
 143 compressed objects within 2 object streams
 31 named destinations out of 1000 (max. 500000)
 119 words of extra memory for PDF output out of 10000 (max. 10000000)

